<?xml version="1.0" encoding="UTF-8"?>
<testsuite name="com.jojoldu.book.springboot.domain.posts.PostsRepositoryTest" tests="2" skipped="0" failures="0" errors="0" timestamp="2020-04-15T15:10:54" hostname="DESKTOP-CK4JR6G" time="0.274">
  <properties/>
  <testcase name="게시글저장_불러오기" classname="com.jojoldu.book.springboot.domain.posts.PostsRepositoryTest" time="0.221"/>
  <testcase name="BaseTimeEntity_등록" classname="com.jojoldu.book.springboot.domain.posts.PostsRepositoryTest" time="0.051"/>
  <system-out><![CDATA[2020-04-16 00:10:50.424  INFO 22608 --- [    Test worker] .b.t.c.SpringBootTestContextBootstrapper : Neither @ContextConfiguration nor @ContextHierarchy found for test class [com.jojoldu.book.springboot.domain.posts.PostsRepositoryTest], using SpringBootContextLoader
2020-04-16 00:10:50.429  INFO 22608 --- [    Test worker] o.s.t.c.support.AbstractContextLoader    : Could not detect default resource locations for test class [com.jojoldu.book.springboot.domain.posts.PostsRepositoryTest]: no resource found for suffixes {-context.xml, Context.groovy}.
2020-04-16 00:10:50.431  INFO 22608 --- [    Test worker] t.c.s.AnnotationConfigContextLoaderUtils : Could not detect default configuration classes for test class [com.jojoldu.book.springboot.domain.posts.PostsRepositoryTest]: PostsRepositoryTest does not declare any static, non-private, non-final, nested classes annotated with @Configuration.
2020-04-16 00:10:50.463  INFO 22608 --- [    Test worker] .b.t.c.SpringBootTestContextBootstrapper : Found @SpringBootConfiguration com.jojoldu.book.springboot.Application for test class com.jojoldu.book.springboot.domain.posts.PostsRepositoryTest
2020-04-16 00:10:50.467  INFO 22608 --- [    Test worker] .b.t.c.SpringBootTestContextBootstrapper : Loaded default TestExecutionListener class names from location [META-INF/spring.factories]: [org.springframework.security.test.context.support.WithSecurityContextTestExecutionListener, org.springframework.security.test.context.support.ReactorContextTestExecutionListener, org.springframework.boot.test.autoconfigure.restdocs.RestDocsTestExecutionListener, org.springframework.boot.test.autoconfigure.web.client.MockRestServiceServerResetTestExecutionListener, org.springframework.boot.test.autoconfigure.web.servlet.MockMvcPrintOnlyOnFailureTestExecutionListener, org.springframework.boot.test.autoconfigure.web.servlet.WebDriverTestExecutionListener, org.springframework.boot.test.mock.mockito.MockitoTestExecutionListener, org.springframework.boot.test.mock.mockito.ResetMocksTestExecutionListener, org.springframework.test.context.web.ServletTestExecutionListener, org.springframework.test.context.support.DirtiesContextBeforeModesTestExecutionListener, org.springframework.test.context.support.DependencyInjectionTestExecutionListener, org.springframework.test.context.support.DirtiesContextTestExecutionListener, org.springframework.test.context.transaction.TransactionalTestExecutionListener, org.springframework.test.context.jdbc.SqlScriptsTestExecutionListener]
2020-04-16 00:10:50.474  INFO 22608 --- [    Test worker] .b.t.c.SpringBootTestContextBootstrapper : Using TestExecutionListeners: [org.springframework.test.context.web.ServletTestExecutionListener@6802407e, org.springframework.test.context.support.DirtiesContextBeforeModesTestExecutionListener@6b1332bb, org.springframework.boot.test.mock.mockito.MockitoTestExecutionListener@52d63ce9, org.springframework.boot.test.autoconfigure.SpringBootDependencyInjectionTestExecutionListener@41ad236, org.springframework.test.context.support.DirtiesContextTestExecutionListener@7ee1737b, org.springframework.test.context.transaction.TransactionalTestExecutionListener@c9510f6, org.springframework.test.context.jdbc.SqlScriptsTestExecutionListener@6fc744f9, org.springframework.security.test.context.support.WithSecurityContextTestExecutionListener@3d1eb055, org.springframework.security.test.context.support.ReactorContextTestExecutionListener@48117626, org.springframework.boot.test.autoconfigure.restdocs.RestDocsTestExecutionListener@6c27dd72, org.springframework.boot.test.autoconfigure.web.client.MockRestServiceServerResetTestExecutionListener@3912ac83, org.springframework.boot.test.autoconfigure.web.servlet.MockMvcPrintOnlyOnFailureTestExecutionListener@71c62fec, org.springframework.boot.test.autoconfigure.web.servlet.WebDriverTestExecutionListener@3225c7b4, org.springframework.boot.test.mock.mockito.ResetMocksTestExecutionListener@603b40cf]

  .   ____          _            __ _ _
 /\\ / ___'_ __ _ _(_)_ __  __ _ \ \ \ \
( ( )\___ | '_ | '_| | '_ \/ _` | \ \ \ \
 \\/  ___)| |_)| | | | | || (_| |  ) ) ) )
  '  |____| .__|_| |_|_| |_\__, | / / / /
 =========|_|==============|___/=/_/_/_/
 :: Spring Boot ::        (v2.1.7.RELEASE)

2020-04-16 00:10:50.560  INFO 22608 --- [    Test worker] c.j.b.s.d.posts.PostsRepositoryTest      : Starting PostsRepositoryTest on DESKTOP-CK4JR6G with PID 22608 (started by ridgn in C:\Users\ridgn\IdeaProjects\freelec-springboot2-webservice)
2020-04-16 00:10:50.562  INFO 22608 --- [    Test worker] c.j.b.s.d.posts.PostsRepositoryTest      : No active profile set, falling back to default profiles: default
2020-04-16 00:10:51.070  INFO 22608 --- [    Test worker] .s.d.r.c.RepositoryConfigurationDelegate : Bootstrapping Spring Data repositories in DEFAULT mode.
2020-04-16 00:10:51.147  INFO 22608 --- [    Test worker] .s.d.r.c.RepositoryConfigurationDelegate : Finished Spring Data repository scanning in 77ms. Found 2 repository interfaces.
2020-04-16 00:10:51.366  INFO 22608 --- [    Test worker] trationDelegate$BeanPostProcessorChecker : Bean 'org.springframework.transaction.annotation.ProxyTransactionManagementConfiguration' of type [org.springframework.transaction.annotation.ProxyTransactionManagementConfiguration$$EnhancerBySpringCGLIB$$56d6fe2c] is not eligible for getting processed by all BeanPostProcessors (for example: not eligible for auto-proxying)
2020-04-16 00:10:51.560  INFO 22608 --- [    Test worker] com.zaxxer.hikari.HikariDataSource       : HikariPool-2 - Starting...
2020-04-16 00:10:51.564  INFO 22608 --- [    Test worker] com.zaxxer.hikari.HikariDataSource       : HikariPool-2 - Start completed.
2020-04-16 00:10:51.636  INFO 22608 --- [    Test worker] o.hibernate.jpa.internal.util.LogHelper  : HHH000204: Processing PersistenceUnitInfo [
	name: default
	...]
2020-04-16 00:10:51.686  INFO 22608 --- [    Test worker] org.hibernate.dialect.Dialect            : HHH000400: Using dialect: org.hibernate.dialect.MySQL5InnoDBDialect
Hibernate: drop table if exists posts
Hibernate: drop table if exists user
Hibernate: create table posts (id bigint not null auto_increment, created_date datetime, modified_date datetime, author varchar(255), content TEXT not null, title varchar(500) not null, primary key (id)) engine=InnoDB
Hibernate: create table user (id bigint not null auto_increment, email varchar(255) not null, name varchar(255) not null, picture varchar(255), role varchar(255) not null, primary key (id)) engine=InnoDB
2020-04-16 00:10:51.801  INFO 22608 --- [    Test worker] o.h.t.schema.internal.SchemaCreatorImpl  : HHH000476: Executing import script 'org.hibernate.tool.schema.internal.exec.ScriptSourceInputNonExistentImpl@438142a0'
2020-04-16 00:10:51.801  INFO 22608 --- [    Test worker] j.LocalContainerEntityManagerFactoryBean : Initialized JPA EntityManagerFactory for persistence unit 'default'
2020-04-16 00:10:52.221  INFO 22608 --- [    Test worker] o.h.h.i.QueryTranslatorFactoryInitiator  : HHH000397: Using ASTQueryTranslatorFactory
2020-04-16 00:10:52.632  INFO 22608 --- [    Test worker] o.s.s.web.DefaultSecurityFilterChain     : Creating filter chain: any request, [org.springframework.security.web.context.request.async.WebAsyncManagerIntegrationFilter@5ba96458, org.springframework.security.web.context.SecurityContextPersistenceFilter@9915b4e, org.springframework.security.web.header.HeaderWriterFilter@19e92432, org.springframework.security.web.authentication.logout.LogoutFilter@743c8b24, org.springframework.security.oauth2.client.web.OAuth2AuthorizationRequestRedirectFilter@3dda5be0, org.springframework.security.oauth2.client.web.OAuth2LoginAuthenticationFilter@5ee9c2b8, org.springframework.security.web.authentication.ui.DefaultLoginPageGeneratingFilter@7774f5af, org.springframework.security.web.authentication.ui.DefaultLogoutPageGeneratingFilter@3998291d, org.springframework.security.web.savedrequest.RequestCacheAwareFilter@7c306b8c, org.springframework.security.web.servletapi.SecurityContextHolderAwareRequestFilter@2ca8088c, org.springframework.security.web.authentication.AnonymousAuthenticationFilter@56727095, org.springframework.security.web.session.SessionManagementFilter@16b9a7d9, org.springframework.security.web.access.ExceptionTranslationFilter@133cdd05, org.springframework.security.web.access.intercept.FilterSecurityInterceptor@33ba3d25]
2020-04-16 00:10:53.362  INFO 22608 --- [    Test worker] o.s.s.concurrent.ThreadPoolTaskExecutor  : Initializing ExecutorService 'applicationTaskExecutor'
2020-04-16 00:10:53.393  WARN 22608 --- [    Test worker] aWebConfiguration$JpaWebMvcConfiguration : spring.jpa.open-in-view is enabled by default. Therefore, database queries may be performed during view rendering. Explicitly configure spring.jpa.open-in-view to disable this warning
2020-04-16 00:10:53.488  INFO 22608 --- [    Test worker] o.s.b.a.w.s.WelcomePageHandlerMapping    : Adding welcome page template: index
2020-04-16 00:10:54.381  INFO 22608 --- [    Test worker] s.a.ScheduledAnnotationBeanPostProcessor : No TaskScheduler/ScheduledExecutorService bean found for scheduled processing
2020-04-16 00:10:54.384  INFO 22608 --- [    Test worker] c.j.b.s.d.posts.PostsRepositoryTest      : Started PostsRepositoryTest in 3.906 seconds (JVM running for 28.115)
Hibernate: insert into posts (created_date, modified_date, author, content, title) values (?, ?, ?, ?, ?)
Hibernate: select posts0_.id as id1_0_, posts0_.created_date as created_2_0_, posts0_.modified_date as modified3_0_, posts0_.author as author4_0_, posts0_.content as content5_0_, posts0_.title as title6_0_ from posts posts0_
Hibernate: select posts0_.id as id1_0_, posts0_.created_date as created_2_0_, posts0_.modified_date as modified3_0_, posts0_.author as author4_0_, posts0_.content as content5_0_, posts0_.title as title6_0_ from posts posts0_
Hibernate: delete from posts where id=?
Hibernate: insert into posts (created_date, modified_date, author, content, title) values (?, ?, ?, ?, ?)
Hibernate: select posts0_.id as id1_0_, posts0_.created_date as created_2_0_, posts0_.modified_date as modified3_0_, posts0_.author as author4_0_, posts0_.content as content5_0_, posts0_.title as title6_0_ from posts posts0_
>>>>>>>>>>> createDAte=2020-04-16T00:10:54.633138, modifiedDate=2020-04-16T00:10:54.633138
Hibernate: select posts0_.id as id1_0_, posts0_.created_date as created_2_0_, posts0_.modified_date as modified3_0_, posts0_.author as author4_0_, posts0_.content as content5_0_, posts0_.title as title6_0_ from posts posts0_
Hibernate: delete from posts where id=?
]]></system-out>
  <system-err><![CDATA[]]></system-err>
</testsuite>
